[14:56:29] [main/INFO]: Setting user: Player312
[14:56:34] [Client thread/INFO]: LWJGL Version: 2.9.1
[14:56:54] [Client thread/INFO]: Reloading ResourceManager: Default, FMLFileResourcePack:Forge Mod Loader, FMLFileResourcePack:Minecraft Forge, FMLFileResourcePack:Troncraft
[14:56:56] [Sound Library Loader/INFO]: Sound engine started
[14:57:08] [Client thread/INFO]: Created: 16x16 textures/blocks-atlas
[14:57:08] [Client thread/INFO]: Created: 16x16 textures/items-atlas
[14:57:08] [Client thread/INFO]: Reloading ResourceManager: Default, FMLFileResourcePack:Forge Mod Loader, FMLFileResourcePack:Minecraft Forge, FMLFileResourcePack:Troncraft
[14:57:09] [Client thread/INFO]: Created: 256x256 textures/items-atlas
[14:57:10] [Client thread/INFO]: Created: 512x256 textures/blocks-atlas
[14:57:11] [Sound Library Loader/INFO]: Sound engine started
[14:57:35] [Server thread/INFO]: Starting integrated minecraft server version 1.7.10
[14:57:35] [Server thread/INFO]: Generating keypair
[14:57:35] [Server thread/INFO]: Converting map!
[14:57:35] [Server thread/INFO]: Scanning folders...
[14:57:35] [Server thread/INFO]: Total conversion count is 0
[14:57:37] [Server thread/INFO]: Preparing start region for level 0
[14:57:38] [Server thread/INFO]: Preparing spawn area: 4%
[14:57:39] [Server thread/INFO]: Preparing spawn area: 7%
[14:57:40] [Server thread/INFO]: Preparing spawn area: 14%
[14:57:41] [Server thread/INFO]: Preparing spawn area: 21%
[14:57:42] [Server thread/INFO]: Preparing spawn area: 31%
[14:57:43] [Server thread/INFO]: Preparing spawn area: 38%
[14:57:44] [Server thread/INFO]: Preparing spawn area: 51%
[14:57:45] [Server thread/INFO]: Preparing spawn area: 62%
[14:57:46] [Server thread/INFO]: Preparing spawn area: 64%
[14:57:47] [Server thread/INFO]: Preparing spawn area: 69%
[14:57:48] [Server thread/INFO]: Preparing spawn area: 80%
[14:57:49] [Server thread/INFO]: Preparing spawn area: 91%
[14:57:51] [Server thread/INFO]: Changing view distance to 12, from 10
[14:57:52] [Server thread/INFO]: Player312[local:E:b6a6cc1c] logged in with entity id 293 at (206.5, 69.0, 259.5)
[14:57:52] [Server thread/INFO]: Player312 joined the game
[14:57:58] [Server thread/INFO]: Saving and pausing game...
[14:57:58] [Server thread/INFO]: Saving chunks for level 'Test'/Overworld
[14:58:04] [Server thread/INFO]: Saving chunks for level 'Test'/Nether
[14:58:04] [Server thread/INFO]: Saving chunks for level 'Test'/The End
[14:58:04] [Server thread/WARN]: Can't keep up! Did the system time change, or is the server overloaded? Running 13097ms behind, skipping 261 tick(s)
[14:58:25] [Server thread/INFO]: Player312 has just earned the achievement [Taking Inventory]
[14:58:25] [Client thread/INFO]: [CHAT] Player312 has just earned the achievement [Taking Inventory]
[14:58:28] [Server thread/WARN]: Can't keep up! Did the system time change, or is the server overloaded? Running 3877ms behind, skipping 77 tick(s)
[14:58:34] [Client thread/INFO]: Stopping!
